<?xml version='1.0' encoding='UTF-8'?>
<testcases>
  <!--==================== tests Medical.GENE====================-->
  <testcase id="eng.approx.1" type="bloquant">
    <call-parameters>
      <param key="text" value="Insulin-Like Growth Factor 1 (IGF-1) is a hormone that is similar in structure to insulin and works with Growth Hormone to reproduce and regenerate cells."/>
      <param key="language" value="eng"/>
      <list key="pipelines">
        <item value="indexer"/>
      </list>
    </call-parameters>
    <test id="eng.approx.1.1" trace=".se.approx.xml"
          comment="2 forms of 1 gene name: 1"
          left="XPATH#//specific_entities/specific_entity[position=0][length=26]/type"
          operator="contains"
          right="Medical.GENE"/>
    <test id="eng.approx.1.2" trace=".se.approx.xml"
          left="XPATH#//specific_entities/specific_entity[position=0][length=26]/string"
          operator="="
          right="Insulin-Like Growth Factor"/>
    <test id="eng.approx.1.2" trace=".se.approx.xml"
          comment="value of well name is 'B' ('B' is in the dictionary totalWell-eng.dat)"
          left="XPATH#//specific_entities/specific_entity[position=30][length=5]/type"
          operator="="
          right="Medical.GENE"/>
    <test id="eng.approx.1.2" trace=".se.approx.xml"
          comment="value of well name is 'B' ('B' is in the dictionary totalWell-eng.dat)"
          left="XPATH#//specific_entities/specific_entity[position=30][length=5]/string"
          operator="="
          right="IGF-1"/>
  </testcase>
</testcases>
