<?xml version='1.0' encoding='UTF-8'?>
<testcases>
  <!--==================== tests DateTime.DATE ====================-->
  <!--testcase id="eng.se.timex.00" type="bloquant">
    <call-parameters>
      <param key="text" value="he was born on 10 April 1950."/>
      <param key="language" value="eng"/>
      <list key="pipelines">
        <item value="limaserver"/>
      </list>
    </call-parameters>
    <expl>rule for complete date with cardinal number</expl>
    <test id="eng.se.timex.00.1" trace=".se.xml"
          comment="type"
          left="XPATH#//entities/entity[pos=16][len=13]/type"
          operator="="
          right="DateTime.DATE"/>
    <test id="eng.se.timex.00.1" trace=".se.xml"
          comment="value"
          left="XPATH#//entities/entity[pos=16][len=13]/string"
          operator="="
          right="10 April 1950"/>
    <test id="eng.se.timex.00.1" trace=".se.xml"
          comment="month"
          left="XPATH#//entities/entity[pos=16][len=13]/components/month"
          operator="="
          right="April"/>
    <test id="eng.se.timex.00.1" trace=".se.xml"
          comment="numday"
          left="XPATH#//entities/entity[pos=16][len=13]/components/numday"
          operator="="
          right="10"/>
    <test id="eng.se.timex.00.1" trace=".se.xml"
          comment="année"
          left="XPATH#//entities/entity[pos=16][len=13]/components/numyear"
          operator="="
          right="1950"/>
    <test id="eng.se.timex.00.1" trace=".se.xml"
          comment="date mois/année"
          left="XPATH#//entities/entity[pos=16][len=13]/normalization/date"
          operator="="
          right="1950-04-10"/>
  </testcase-->
  <!--testcase id="eng.se.timex.01" type="bloquant">
    <call-parameters>
      <param key="text" value="he was born on 10th April 1950."/>
      <param key="language" value="eng"/>
      <list key="pipelines">
        <item value="limaserver"/>
      </list>
    </call-parameters>
    <expl>rule for complete date with ordinal number</expl>
    <test id="eng.se.timex.01.1" trace=".se.xml"
          comment="type"
          left="XPATH#//entities/entity[pos=16][len=15]/type"
          operator="="
          right="DateTime.DATE"/>
    <test id="eng.se.timex.02.1" trace=".se.xml"
          comment="value"
          left="XPATH#//entities/entity[pos=16][len=15]/string"
          operator="="
          right="10th April 1950"/>
    <test id="eng.se.timex.02.1" trace=".se.xml"
          comment="month"
          left="XPATH#//entities/entity[pos=16][len=15]/components/month"
          operator="="
          right="April"/>
    <test id="eng.se.timex.02.1" trace=".se.xml"
          comment="day"
          left="XPATH#//entities/entity[pos=16][len=15]/components/numday"
          operator="="
          right="10th"/>
    <test id="eng.se.timex.02.1" trace=".se.xml"
          comment="année"
          left="XPATH#//entities/entity[pos=16][len=15]/components/numyear"
          operator="="
          right="1950"/>
    <test id="eng.se.timex.00.1" trace=".se.xml"
          comment="date normalisée"
          left="XPATH#//entities/entity[pos=16][len=15]/normalization/date"
          operator="="
          right="1950-04-10"/>
  </testcase-->
  <testcase id="eng.se.timex.02" type="bloquant">
    <call-parameters>
      <param key="text" value="He died on March, 2015"/>
      <param key="language" value="eng"/>
      <list key="pipelines">
        <item value="limaserver"/>
      </list>
    </call-parameters>
    <test id="eng.se.timex.02.1" trace=".se.xml"
          comment="type"
          left="XPATH#//entities/entity[pos=12][len=11]/type"
          operator="="
          right="DateTime.DATE"/>
    <test id="eng.se.timex.02.2" trace=".se.xml"
          comment="date mois/année"
          left="XPATH#//entities/entity[pos=12][len=11]/string"
          operator="="
          right="March, 2015"/>
  </testcase>
  <!--testcase id="eng.se.timex.1" type="bloquant">
    <call-parameters>
      <param key="text" value="the year 2004 is a great year"/>
      <param key="language" value="eng"/>
      <list key="pipelines">
        <item value="limaserver"/>
      </list>
    </call-parameters>
    <test id="eng.se.timex.1.1" trace=".se.xml"
          comment="date mois/année"
          left="XPATH#//specific_entities/specific_entity[position=10][length=4]/type"
          operator="contains"
          right="DateTime.DATE"/>
  </testcase-->
  <!--testcase id="eng.se.timex.2" type="bloquant">
    <call-parameters>
      <param key="text" value="06/09/2004"/>
      <param key="language" value="eng"/>
      <list key="pipelines">
        <item value="limaserver"/>
      </list>
    </call-parameters>
    <test id="eng.se.timex.2.1" trace=".se.xml"
          comment="date mois/année"
          left="XPATH#//specific_entities/specific_entity[position=1][length=10]/type"
          operator="="
          right="DateTime.DATE"/>
  </testcase-->
  <!--testcase id="eng.se.timex.3" type="bloquant">
    <call-parameters>
      <param key="text" value="Lou Alice Philbeck died April 17 of a heart-lung ailment."/>
      <param key="language" value="eng"/>
      <list key="pipelines">
        <item value="limaserver"/>
      </list>
    </call-parameters>
    <test id="eng.se.timex.3.1" trace=".se.xml"
          comment="date April 17"
          left="XPATH#//specific_entities/specific_entity[position=25][length=8]/type"
          operator="="
          right="DateTime.DATE"/>
  </testcase-->
  <!--testcase id="eng.se.timex.4" type="bloquant">
    <call-parameters>
      <param key="text" value="Her funeral was Saturday at Greene Funeral Service's South Chapel."/>
      <param key="language" value="eng"/>
      <list key="pipelines">
        <item value="limaserver"/>
      </list>
    </call-parameters>
    <test id="eng.se.timex.4.1" trace=".se.xml"
          comment="date Saturday"
          left="XPATH#//specific_entities/specific_entity[position=17][length=8]/type"
          operator="="
          right="DateTime.DATE"/>
  </testcase-->
  <!--testcase id="eng.se.timex.5" type="bloquant">
    <call-parameters>
      <param key="text" value="The results also show that there was a deterioration after 6 months."/>
      <param key="language" value="eng"/>
      <list key="pipelines">
        <item value="limaserver"/>
      </list>
    </call-parameters>
    <test id="eng.se.timex.5.1" trace=".se.xml"
          comment="6 months are a numex and not a timex. this is a measure of an amount of time."
          left="XPATH#//specific_entities/specific_entity[position=60][length=8]/type"
          operator="="
          right="Numex.NUMEX"/>
  </testcase-->
  <!--testcase id="eng.se.timex.6" type="bloquant">
    <call-parameters>
      <param key="text" value="The 75th annual Academy Awards ceremony is scheduled for March 23, 2003."/>
      <param key="language" value="eng"/>
      <list key="pipelines">
        <item value="limaserver"/>
      </list>
    </call-parameters>
    <test id="eng.se.timex.6.1" trace=".se.xml"
          comment="date March 23, 2003"
          left="XPATH#//specific_entities/specific_entity[position=58][length=14]/type"
          operator="="
          right="DateTime.DATE"/>
  </testcase-->
  <!--testcase id="eng.se.timex.7" type="bloquant">
    <call-parameters>
      <param key="text" value="09 Jul 2002"/>
      <param key="language" value="eng"/>
      <list key="pipelines">
        <item value="limaserver"/>
      </list>
    </call-parameters>
    <test id="eng.se.timex.7.1" trace=".se.xml"
          comment="09 Jul 2002"
          left="XPATH#//specific_entities/specific_entity[position=1][length=11]/type"
          operator="="
          right="DateTime.DATE"/>
  </testcase-->
  <!--testcase id="eng.se.timex.8" type="bloquant">
    <call-parameters>
      <param key="text" value="The three blasts took place in March, August and November of last year."/>
      <param key="language" value="eng"/>
      <list key="pipelines">
        <item value="limaserver"/>
      </list>
    </call-parameters>
    <test id="eng.se.timex.8.1" trace=".se.xml"
          comment="March"
          left="XPATH#//specific_entities/specific_entity[position=32][length=5]/type"
          operator="="
          right="DateTime.DATE"/>
    <test id="eng.se.timex.8.2" trace=".se.xml"
          comment="August"
          left="XPATH#//specific_entities/specific_entity[position=39][length=6]/type"
          operator="="
          right="DateTime.DATE"/>
    <test id="eng.se.timex.8.3" trace=".se.xml"
          comment="November"
          left="XPATH#//specific_entities/specific_entity[position=50][length=8]/type"
          operator="="
          right="DateTime.DATE"/>
  </testcase-->
  <!--testcase id="eng.se.timex.9" type="bloquant">
    <call-parameters>
      <param key="text" value="It began in September 2000"/>
      <param key="language" value="eng"/>
      <list key="pipelines">
        <item value="limaserver"/>
      </list>
    </call-parameters>
    <test id="eng.se.timex.9.1" trace=".se.xml"
          comment=""
          left="XPATH#//specific_entities/specific_entity[position=13][length=14]/type"
          operator="="
          right="DateTime.DATE"/>
  </testcase-->
  <!--testcase id="eng.se.timex.10" type="bloquant">
    <call-parameters>
      <param key="text" value="September 20th"/>
      <param key="language" value="eng"/>
      <list key="pipelines">
        <item value="limaserver"/>
      </list>
    </call-parameters>
    <test id="eng.se.timex.10.1" trace=".se.xml"
          comment=""
          left="XPATH#//specific_entities/specific_entity[position=1][length=14]/type"
          operator="="
          right="DateTime.DATE"/>
  </testcase-->
  <!--testcase id="eng.se.timex.11" type="pertinent">
    <call-parameters>
      <param key="text" value="Feb. 22"/>
      <param key="language" value="eng"/>
      <list key="pipelines">
        <item value="limaserver"/>
      </list>
    </call-parameters>
    <test id="eng.se.timex.11.1" trace=".se.xml"
          comment=""
          left="XPATH#//specific_entities/specific_entity[position=1][length=7]/type"
          operator="="
          right="DateTime.DATE"/>
  </testcase-->
  <!--testcase id="eng.se.timex.12" type="pertinent">
    <call-parameters>
      <param key="text" value="22 Feb. 2002"/>
      <param key="language" value="eng"/>
      <list key="pipelines">
        <item value="limaserver"/>
      </list>
    </call-parameters>
    <test id="eng.se.timex.12.1" trace=".se.xml"
          comment=""
          left="XPATH#//specific_entities/specific_entity[position=1][length=12]/type"
          operator="="
          right="DateTime.DATE"/>
  </testcase-->
  <!--==================== tests NUMEX ====================-->
  <!--testcase id="eng.se.numex.1" type="bloquant">
    <call-parameters>
      <param key="text" value="he won 8000 dollars"/>
      <param key="language" value="eng"/>
      <list key="pipelines">
        <item value="limaserver"/>
      </list>
    </call-parameters>
    <test id="eng.se.numex.1.1" trace=".se.xml"
          comment="simple nombre format numérique"
          left="XPATH#//specific_entities/specific_entity[position=8][length=12]/type"
          operator="="
          right="Numex.NUMEX"/>
  </testcase-->
  <!--testcase id="eng.se.numex.2" type="bloquant">
    <call-parameters>
      <param key="text" value="the other won twenty euros"/>
      <param key="language" value="eng"/>
      <list key="pipelines">
        <item value="limaserver"/>
      </list>
    </call-parameters>
    <test id="eng.se.numex.2.1" trace=".se.xml"
          comment="nombre en lettres + unité de mesure"
          left="XPATH#//specific_entities/specific_entity[position=15][length=12]/type"
          operator="="
          right="Numex.NUMEX"/>
  </testcase-->
  <!--testcase id="eng.se.numex.3" type="bloquant">
    <call-parameters>
      <param key="text" value="Keep humidity levels in your home between 30 and 60 percent."/>
      <param key="language" value="eng"/>
      <list key="pipelines">
        <item value="limaserver"/>
      </list>
    </call-parameters>
    <test id="eng.se.numex.3.1" trace=".se.xml"
          comment=""
          left="XPATH#//specific_entities/specific_entity[position=50][length=10]/type"
          operator="="
          right="Numex.NUMEX"/>
  </testcase-->
  <!--testcase id="eng.se.numex.4" type="bloquant">
    <call-parameters>
      <param key="text" value="They are typically about five watts."/>
      <param key="language" value="eng"/>
      <list key="pipelines">
        <item value="limaserver"/>
      </list>
    </call-parameters>
    <test id="eng.se.numex.4.1" trace=".se.xml"
          comment="five watts"
          left="XPATH#//specific_entities/specific_entity[position=26][length=10]/type"
          operator="="
          right="Numex.NUMEX"/>
  </testcase-->
  <!--testcase id="eng.se.numex.5" type="bloquant">
    <call-parameters>
      <param key="text" value="These are visible from 500 feet and can help guests locate your home quickly."/>
      <param key="language" value="eng"/>
      <list key="pipelines">
        <item value="limaserver"/>
      </list>
    </call-parameters>
    <test id="eng.se.numex.5.1" trace=".se.xml"
          comment="five watts"
          left="XPATH#//specific_entities/specific_entity[position=24][length=8]/type"
          operator="="
          right="Numex.NUMEX"/>
  </testcase-->
  <!--testcase id="eng.se.numex.6" type="bloquant">
    <call-parameters>
      <param key="text" value="A child picks up a 12-pound backpack."/>
      <param key="language" value="eng"/>
      <list key="pipelines">
        <item value="limaserver"/>
      </list>
    </call-parameters>
    <test id="eng.se.numex.6.1" trace=".se.xml"
          comment="five watts"
          left="XPATH#//specific_entities/specific_entity[position=20][length=8]/type"
          operator="="
          right="Numex.NUMEX"/>
  </testcase-->
</testcases>
