<?xml version='1.0' encoding='UTF-8'?>
<?xml-stylesheet type="text/xsl" href="tva_simple.xsl"?>
<testcases>
  <!--==================== tests PERSON with components ====================-->
  <!--testcase id="fre.se.pers.comp.0" type="pertinent">
    <call-parameters>
      <param key="text" value="Barack Obama"/>
      <param key="language" value="fre"/>
      <list key="pipelines">
        <item value="limaserver"/>
      </list>
    </call-parameters>
    <expl>rule Obama : firstname: Barack lastname: Obama</expl>
    <test id="fre.se.pers.comp.0.1" trace=".se.xml"
          comment="type d'entité = Person.PERSONNE"
          left="XPATH#//entities/entity[pos=1][len=12]/type"
          operator="="
          right="Person.PERSON"/>
  </testcase-->
  <testcase id="fre.se.pers.comp.1" type="pertinent">
    <call-parameters>
      <param key="text" value="le président François Monge"/>
      <param key="language" value="fre"/>
      <list key="pipelines">
        <item value="limaserver"/>
      </list>
    </call-parameters>
    <expl>generic rule with firstname as trigger, simple case : title firstname lastname = le président François Monge</expl>
    <test id="fre.se.pers.comp.1.1" trace=".se.xml"
          comment="type d'entité = Person.PERSONNE"
          left="XPATH#//entities/entity[pos=4]/type"
          operator="="
          right="Person.PERSON"/>
    <test id="fre.se.pers.comp.1.2" trace=".se.xml"
          comment="titre = président"
          left="XPATH#//entities/entity/components/title"
          operator="="
          right="président"/>
    <test id="fre.se.pers.comp.1.3" trace=".se.xml"
          comment="position titre = 4"
          left="XPATH#//entities/entity/components/title/@pos"
          operator="="
          right="4"/>
    <test id="fre.se.pers.comp.1.4" trace=".se.xml"
          comment="longueur titre = 9"
          left="XPATH#//entities/entity/components/title/@len"
          operator="="
          right="9"/>
    <test id="fre.se.pers.comp.1.5" trace=".se.xml"
          comment="prénom = François"
          left="XPATH#//entities/entity/components/firstname"
          operator="="
          right="François"/>
    <test id="fre.se.pers.comp.1.6" trace=".se.xml"
          comment="position prénom= 14"
          left="XPATH#//entities/entity/components/firstname/@pos"
          operator="="
          right="14"/>
    <test id="fre.se.pers.comp.1.7" trace=".se.xml"
          comment="longueur prénom= 8"
          left="XPATH#//entities/entity/components/firstname/@len"
          operator="="
          right="8"/>
    <test id="fre.se.pers.comp.1.8" trace=".se.xml"
          comment="nom = Monge"
          left="XPATH#//entities/entity/components/lastname"
          operator="="
          right="Monge"/>
    <test id="fre.se.pers.comp.1.9" trace=".se.xml"
          comment="position nom= 23"
          left="XPATH#//entities/entity/components/lastname/@pos"
          operator="="
          right="23"/>
    <test id="fre.se.pers.comp.1.10" trace=".se.xml"
          comment="longueur nom= 5"
          left="XPATH#//entities/entity/components/lastname/@len"
          operator="="
          right="5"/>
  </testcase>
  <testcase id="fre.se.pers.comp.2" type="pertinent">
    <call-parameters>
      <param key="text" value="le président François Monge mange sous la pluie."/>
      <param key="language" value="fre"/>
      <list key="pipelines">
        <item value="limaserver"/>
      </list>
    </call-parameters>
    <expl>generic rule with firstname as trigger, simple case with stop condition : title firstname lastname = le président François Monge</expl>
    <test id="fre.se.pers.comp.2.1" trace=".se.xml"
          comment="type d'entité = Person.PERSONNE"
          left="XPATH#//entities/entity[pos=4]/type"
          operator="="
          right="Person.PERSON"/>
    <test id="fre.se.pers.comp.2.2" trace=".se.xml"
          comment="titre = président"
          left="XPATH#//entities/entity/components/title"
          operator="="
          right="président"/>
    <test id="fre.se.pers.comp.2.3" trace=".se.xml"
          comment="position titre = 4"
          left="XPATH#//entities/entity/components/title/@pos"
          operator="="
          right="4"/>
    <test id="fre.se.pers.comp.2.4" trace=".se.xml"
          comment="longueur titre = 9"
          left="XPATH#//entities/entity/components/title/@len"
          operator="="
          right="9"/>
    <test id="fre.se.pers.comp.2.5" trace=".se.xml"
          comment="prénom = François"
          left="XPATH#//entities/entity/components/firstname"
          operator="="
          right="François"/>
    <test id="fre.se.pers.comp.2.6" trace=".se.xml"
          comment="position prénom= 14"
          left="XPATH#//entities/entity/components/firstname/@pos"
          operator="="
          right="14"/>
    <test id="fre.se.pers.comp.2.7" trace=".se.xml"
          comment="longueur prénom= 8"
          left="XPATH#//entities/entity/components/firstname/@len"
          operator="="
          right="8"/>
    <test id="fre.se.pers.comp.2.8" trace=".se.xml"
          comment="nom = Monge"
          left="XPATH#//entities/entity/components/lastname"
          operator="="
          right="Monge"/>
    <test id="fre.se.pers.comp.2.9" trace=".se.xml"
          comment="position nom= 23"
          left="XPATH#//entities/entity/components/lastname/@pos"
          operator="="
          right="23"/>
    <test id="fre.se.pers.comp.2.10" trace=".se.xml"
          comment="longueur nom= 5"
          left="XPATH#//entities/entity/components/lastname/@len"
          operator="="
          right="5"/>
  </testcase>
  <!--testcase id="fre.se.pers.comp.3" type="pertinent">
    <call-parameters>
      <param key="text" value="le président François de Monge"/>
      <param key="language" value="fre"/>
      <list key="pipelines">
        <item value="limaserver"/>
      </list>
    </call-parameters>
    <expl>generic rule with firstname as trigger, case with optional particule in lastname : title firstname particule lastname = président François de Monge</expl>
    <test id="fre.se.pers.comp.3.1" trace=".se.xml"
          comment="type d'entité = Person.PERSONNE"
          left="XPATH#//entities/entity[pos=14]/type"
          operator="="
          right="Person.PERSON"/>
    <test id="fre.se.pers.comp.3.2" trace=".se.xml"
          comment="titre = président"
          left="XPATH#//entities/entity/components/title"
          operator="="
          right="président"/>
    <test id="fre.se.pers.comp.3.3" trace=".se.xml"
          comment="position titre = 4"
          left="XPATH#//entities/entity/components/title/@pos"
          operator="="
          right="4"/>
    <test id="fre.se.pers.comp.3.4" trace=".se.xml"
          comment="longueur titre = 9"
          left="XPATH#//entities/entity/components/title/@len"
          operator="="
          right="9"/>
    <test id="fre.se.pers.comp.3.5" trace=".se.xml"
          comment="prénom = François"
          left="XPATH#//entities/entity/components/firstname"
          operator="="
          right="François"/>
    <test id="fre.se.pers.comp.3.6" trace=".se.xml"
          comment="position prénom= 14"
          left="XPATH#//entities/entity/components/firstname/@pos"
          operator="="
          right="14"/>
    <test id="fre.se.pers.comp.3.7" trace=".se.xml"
          comment="longueur prénom= 8"
          left="XPATH#//entities/entity/components/firstname/@len"
          operator="="
          right="8"/>
    <test id="fre.se.pers.comp.3.8" trace=".se.xml"
          comment="nom = Monge"
          left="XPATH#//entities/entity/components/lastname"
          operator="="
          right="de Monge"/>
    <test id="fre.se.pers.comp.3.9" trace=".se.xml"
          comment="position nom= 23"
          left="XPATH#//entities/entity/components/lastname/@pos"
          operator="="
          right="23"/>
    <test id="fre.se.pers.comp.3.10" trace=".se.xml"
          comment="longueur nom= 8"
          left="XPATH#//entities/entity/components/lastname/@len"
          operator="="
          right="8"/>
  </testcase-->
  <!-- TODO: test 4 to be activated when bug fixed -->
  <!-- : bug = "G." not part of firstname but in last name -->
  <!-- : t_status:t_alpha =  t_capital_1st -->
  <!-- : interpreted as @PersonNamePart ? -->
  <!--   ?? add status of tokenizer "abbrev" for "G." -->
  <!--   ?? or add status of tokenizer "abbrev" for "G." -->
  <!--testcase id="fre.se.pers.comp.4" type="pertinent">
    <call-parameters>
      <param key="text" value="le président François G. Monge"/>
      <param key="language" value="fre"/>
      <list key="pipelines">
        <item value="limaserver"/>
      </list>
    </call-parameters>
    <expl>generic rule with firstname as trigger, case with optional second firstname initial (with .) : title firstname firstname initial lastname = le président François G. Monge</expl>
    <test id="fre.se.pers.comp.4.1" trace=".se.xml"
          comment="type d'entité = Person.PERSONNE"
          left="XPATH#//entities/entity[pos=14][len=17]/type"
          operator="="
          right="Person.PERSON"/>
    <test id="fre.se.pers.comp.4.2" trace=".se.xml"
          comment="titre = président"
          left="XPATH#//entities/entity/components/title"
          operator="="
          right="président"/>
    <test id="fre.se.pers.comp.4.3" trace=".se.xml"
          comment="position titre = 4"
          left="XPATH#//entities/entity/components/title/@pos"
          operator="="
          right="4"/>
    <test id="fre.se.pers.comp.4.4" trace=".se.xml"
          comment="longueur titre = 9"
          left="XPATH#//entities/entity/components/title/@len"
          operator="="
          right="9"/>
    <test id="fre.se.pers.comp.4.5" trace=".se.xml"
          comment="prénom = François G."
          left="XPATH#//entities/entity/components/firstname"
          operator="="
          right="François G."/>
    <test id="fre.se.pers.comp.4.6" trace=".se.xml"
          comment="position prénom= 14"
          left="XPATH#//entities/entity/components/firstname/@pos"
          operator="="
          right="14"/>
    <test id="fre.se.pers.comp.4.7" trace=".se.xml"
          comment="longueur prénom= 11"
          left="XPATH#//entities/entity/components/firstname/@len"
          operator="="
          right="11"/>
    <test id="fre.se.pers.comp.4.8" trace=".se.xml"
          comment="nom = Monge"
          left="XPATH#//entities/entity/components/lastname"
          operator="="
          right="Monge"/>
    <test id="fre.se.pers.comp.4.9" trace=".se.xml"
          comment="position nom= 24"
          left="XPATH#//entities/entity/components/lastname/@pos"
          operator="="
          right="24"/>
    <test id="fre.se.pers.comp.4.10" trace=".se.xml"
          comment="longueur nom= 5"
          left="XPATH#//entities/entity/components/lastname/@len"
          operator="="
          right="5"/>
  </testcase-->
  <!-- TODO: test 5 to be activated when bug fixed -->
  <!-- : bug = "G"  anf "Monge" added multiple time -->
  <!-- : more than one possible triggering  -->
  <!-- : ?? transform AddFeatureConstraint in AddFeatureAction -->
  <!--testcase id="fre.se.pers.comp.5" type="pertinent">
    <call-parameters>
      <param key="text" value="le président François G Monge"/>
      <param key="language" value="fre"/>
      <list key="pipelines">
        <item value="limaserver"/>
      </list>
    </call-parameters>
    <expl>generic rule with firstname as trigger, case with optional second firstname initial : title firstname firstname initial lastname = le président François G Monge</expl>
    <test id="fre.se.pers.comp.5.1" trace=".se.xml"
          comment="type d'entité = Person.PERSONNE"
          left="XPATH#//entities/entity[pos=14][len=16]/type"
          operator="="
          right="Person.PERSON"/>
    <test id="fre.se.pers.comp.5.2" trace=".se.xml"
          comment="titre = président"
          left="XPATH#//entities/entity/components/title"
          operator="="
          right="président"/>
    <test id="fre.se.pers.comp.5.3" trace=".se.xml"
          comment="position titre = 4"
          left="XPATH#//entities/entity/components/title/@pos"
          operator="="
          right="4"/>
    <test id="fre.se.pers.comp.5.4" trace=".se.xml"
          comment="longueur titre = 9"
          left="XPATH#//entities/entity/components/title/@len"
          operator="="
          right="9"/>
    <test id="fre.se.pers.comp.5.5" trace=".se.xml"
          comment="prénom = François G."
          left="XPATH#//entities/entity/components/firstname"
          operator="="
          right="François G."/>
    <test id="fre.se.pers.comp.5.6" trace=".se.xml"
          comment="position prénom= 14"
          left="XPATH#//entities/entity/components/firstname/@pos"
          operator="="
          right="14"/>
    <test id="fre.se.pers.comp.5.7" trace=".se.xml"
          comment="longueur prénom= 11"
          left="XPATH#//entities/entity/components/firstname/@len"
          operator="="
          right="11"/>
    <test id="fre.se.pers.comp.5.8" trace=".se.xml"
          comment="nom = Monge"
          left="XPATH#//entities/entity/components/lastname"
          operator="="
          right="Monge"/>
    <test id="fre.se.pers.comp.5.9" trace=".se.xml"
          comment="position nom= 24"
          left="XPATH#//entities/entity/components/lastname/@pos"
          operator="="
          right="24"/>
    <test id="fre.se.pers.comp.5.10" trace=".se.xml"
          comment="longueur nom= 5"
          left="XPATH#//entities/entity/components/lastname/@len"
          operator="="
          right="5"/>
  </testcase-->
  <!-- TODO: test 6 to be activated when bug fixed -->
  <!-- : bug = "Bsdufof"  added multiple time -->
  <!-- : more than one possible triggering ?? -->
  <!-- : ?? transform AddFeatureConstraint in AddFeatureAction -->
  <!--testcase id="fre.se.pers.comp.6" type="pertinent">
    <call-parameters>
      <param key="text" value="Jacques Bsdufof va à la cantine."/>
      <param key="language" value="fre"/>
      <list key="pipelines">
        <item value="limaserver"/>
      </list>
    </call-parameters>
    <expl>PERSON : test de terminaison</expl>
    <test id="fre.se.pers.comp.6.1" trace=".se.xml"
          comment="type d'entité = Person.PERSONNE"
          left="XPATH#//entities/entity[pos=1][len=15]/type"
          operator="="
          right="Person.PERSON"/>
    <test id="fre.se.pers.comp.6.2" trace=".se.xml"
          comment="prénom = Jacques"
          left="XPATH#//entities/entity/components/firstname"
          operator="="
          right="Jacques"/>
    <test id="fre.se.pers.comp.6.3" trace=".se.xml"
          comment="nom = Bsdufof"
          left="XPATH#//entities/entity/components/lastname"
          operator="="
          right="Bsdufof"/>
  </testcase-->
  <!--testcase id="fre.se.pers.comp.7" type="pertinent">
    <call-parameters>
      <param key="text" value="Jacques Table va à la cantine."/>
      <param key="language" value="fre"/>
      <list key="pipelines">
        <item value="limaserver"/>
      </list>
    </call-parameters>
    <expl>PERSON : test de terminaison, le nom est dans le dictionnaire</expl>
    <test id="fre.se.pers.comp.7.1" trace=".se.xml"
          comment="type d'entité = Person.PERSONNE"
          left="XPATH#//entities/entity[pos=1][len=13]/type"
          operator="="
          right="Person.PERSON"/>
    <test id="fre.se.pers.comp.7.2" trace=".se.xml"
          comment="prénom = Jacques"
          left="XPATH#//entities/entity/components/firstname"
          operator="="
          right="Jacques"/>
    <test id="fre.se.pers.comp.7.3" trace=".se.xml"
          comment="nom = Table"
          left="XPATH#//entities/entity/components/lastname"
          operator="="
          right="Table"/>
  </testcase-->
  <!--testcase id="fre.se.46" type="pertinent">
    <call-parameters>
      <param key="text" value="MM. Sfar et Blain vont à la cantine."/>
      <param key="language" value="fre"/>
      <list key="pipelines">
        <item value="query"/>
        <item value="limaserver"/>
      </list>
    </call-parameters>
    <expl>PERSON : MM. Sfar et Blain</expl>
    <test id="fre.se.46.1" trace=".se.xml"
          comment="annonceur multiple (Sfar)"
          left="XPATH#//specific_entities/specific_entity[position=5][length=4]/type"
          operator="="
          right="Person.PERSON"/>
    <test id="fre.se.46.2" trace=".se.xml"
          comment="annonceur multiple (Blain)"
          left="XPATH#//specific_entities/specific_entity[position=13][length=5]/type"
          operator="="
          right="Person.PERSON"/>
  </testcase>
  <testcase id="fre.se.47" type="pertinent">
    <call-parameters>
      <param key="text" value="&quot;ah bon&quot;, déclare Sanjiv Sidhu, président d' i2 Technologies."/>
      <param key="language" value="fre"/>
      <list key="pipelines">
        <item value="query"/>
        <item value="limaserver"/>
      </list>
    </call-parameters>
    <expl>PERSON : Sanjiv Sidhu</expl>
    <test id="fre.se.47.1" trace=".se.xml"
          comment="annonceur postérieur au nom (prénom inconnu)"
          left="XPATH#//specific_entities/specific_entity[position=19][length=12]/type"
          operator="="
          right="Person.PERSON"/>
  </testcase>
   <testcase id="fre.se.55" type="bloquant">
    <call-parameters>
      <param key="text" value="A l'attention du Dr Watson"/>
      <param key="language" value="fre"/>
      <list key="pipelines">
        <item value="query"/>
        <item value="limaserver"/>
      </list>
    </call-parameters>
    <expl>PERSON : titre</expl>
    <test id="fre.se.55.1" trace=".se.xml"
          comment="Person.PERSON."
          left="XPATH#//specific_entities/specific_entity[position=21][length=6]/type"
          operator="="
          right="Person.PERSON"/>
  </testcase>
  <testcase id="fre.se.56" type="bloquant">
    <call-parameters>
      <param key="text" value="Une des responsables de l'opération &quot;Pièces Jaunes&quot; est Mme Bernadette Chirac."/>
      <param key="language" value="fre"/>
      <list key="pipelines">
        <item value="query"/>
        <item value="limaserver"/>
      </list>
    </call-parameters>
    <expl>PERSON : titre</expl>
    <test id="fre.se.56.1" trace=".se.xml"
          comment="Person.PERSON."
          left="XPATH#//specific_entities/specific_entity[position=61][length=17]/type"
          operator="="
          right="Person.PERSON"/>
  </testcase>  
 <testcase id="fre.se.61" type="bloquant">
    <call-parameters>
      <param key="text" value="Une des responsables de l'opération &quot;Pièces Jaunes&quot; est Mme B. Youza."/>
      <param key="language" value="fre"/>
      <list key="pipelines">
        <item value="query"/>
        <item value="limaserver"/>
      </list>
    </call-parameters>
    <expl>PERSON : titre avec initiale.</expl>
    <test id="fre.se.61.1" trace=".se.xml"
          comment="Person.PERSON."
          left="XPATH#//specific_entities/specific_entity[position=61][length=8]/type"
          operator="="
          right="Person.PERSON"/>
  </testcase>  
 <testcase id="fre.se.62" type="pertinent">
    <call-parameters>
      <param key="text" value="Une des responsables de l'opération &quot;Pièces Jaunes&quot; est B. Youza."/>
      <param key="language" value="fre"/>
      <list key="pipelines">
        <item value="query"/>
        <item value="limaserver"/>
      </list>
    </call-parameters>
    <expl>PERSON : titre</expl>
    <test id="fre.se.62.1" trace=".se.xml"
          comment="Person.PERSON."
          left="XPATH#//specific_entities/specific_entity[position=57][length=8]/type"
          operator="="
          right="Person.PERSON"/>
  </testcase>  
  -->
  </testcases>

